<?xml version="1.0" encoding="UTF-8"?>
<!-- Generated by org.testng.reporters.JUnitXMLReporter -->
<testsuite hostname="DESKTOP-AB22GKM" failures="0" tests="4" name="Default test" time="15.99" errors="0" timestamp="16 Mar 2022 08:39:30 GMT">
  <testcase classname="RestTest.E_commerce" name="signup" time="7.827"/>
  <testcase classname="RestTest.E_commerce" name="login" time="3.78"/>
  <testcase classname="RestTest.E_commerce" name="getusers" time="2.654"/>
  <testcase classname="RestTest.E_commerce" name="deleteuser" time="1.691"/>
</testsuite> <!-- Default test -->
